2016-09-21 12:10:53,537 [6] INFO  - Service is Running on urn:docs-oasis-open-org:ws-dd:ns:discovery:2009:01
2016-09-21 12:10:53,537 [7] INFO  - Service is Running on http://localhost:1447/
2016-09-21 12:11:09,785 [6] INFO  - Service is Running on urn:docs-oasis-open-org:ws-dd:ns:discovery:2009:01
2016-09-21 12:11:09,785 [13] INFO  - Service is Running on http://localhost:1447/
2016-09-21 12:11:37,878 [15] ERROR - MySql.Data.MySqlClient.MySqlException (0x80004005): Unknown column 'collectedat' in 'field list'
   위치: MySql.Data.MySqlClient.MySqlStream.ReadPacket()
   위치: MySql.Data.MySqlClient.NativeDriver.GetResult(Int32& affectedRow, Int64& insertedId)
   위치: MySql.Data.MySqlClient.Driver.GetResult(Int32 statementId, Int32& affectedRows, Int64& insertedId)
   위치: MySql.Data.MySqlClient.Driver.NextResult(Int32 statementId, Boolean force)
   위치: MySql.Data.MySqlClient.MySqlDataReader.NextResult()
   위치: MySql.Data.MySqlClient.MySqlCommand.ExecuteReader(CommandBehavior behavior)
   위치: MySql.Data.MySqlClient.MySqlCommand.ExecuteReader()
   위치: MySql.Data.MySqlClient.MySqlCommand.ExecuteNonQuery()
   위치: Connector.MariaDBConnector.SetQuery(String query, Object parameterValues) 파일 d:\PrivateSource\private_git\Stock\DataIntergrationConsoleService\Connector\MariaDBConnector.cs:줄 304
2016-09-21 12:11:37,961 [15] ERROR - MySql.Data.MySqlClient.MySqlException (0x80004005): Unknown column 'collectedat' in 'field list'
   위치: MySql.Data.MySqlClient.MySqlStream.ReadPacket()
   위치: MySql.Data.MySqlClient.NativeDriver.GetResult(Int32& affectedRow, Int64& insertedId)
   위치: MySql.Data.MySqlClient.Driver.GetResult(Int32 statementId, Int32& affectedRows, Int64& insertedId)
   위치: MySql.Data.MySqlClient.Driver.NextResult(Int32 statementId, Boolean force)
   위치: MySql.Data.MySqlClient.MySqlDataReader.NextResult()
   위치: MySql.Data.MySqlClient.MySqlCommand.ExecuteReader(CommandBehavior behavior)
   위치: MySql.Data.MySqlClient.MySqlCommand.ExecuteReader()
   위치: MySql.Data.MySqlClient.MySqlCommand.ExecuteNonQuery()
   위치: Connector.MariaDBConnector.SetQuery(String query, Object parameterValues) 파일 d:\PrivateSource\private_git\Stock\DataIntergrationConsoleService\Connector\MariaDBConnector.cs:줄 304
2016-09-21 12:11:38,044 [15] ERROR - MySql.Data.MySqlClient.MySqlException (0x80004005): Unknown column 'collectedat' in 'field list'
   위치: MySql.Data.MySqlClient.MySqlStream.ReadPacket()
   위치: MySql.Data.MySqlClient.NativeDriver.GetResult(Int32& affectedRow, Int64& insertedId)
   위치: MySql.Data.MySqlClient.Driver.GetResult(Int32 statementId, Int32& affectedRows, Int64& insertedId)
   위치: MySql.Data.MySqlClient.Driver.NextResult(Int32 statementId, Boolean force)
   위치: MySql.Data.MySqlClient.MySqlDataReader.NextResult()
   위치: MySql.Data.MySqlClient.MySqlCommand.ExecuteReader(CommandBehavior behavior)
   위치: MySql.Data.MySqlClient.MySqlCommand.ExecuteReader()
   위치: MySql.Data.MySqlClient.MySqlCommand.ExecuteNonQuery()
   위치: Connector.MariaDBConnector.SetQuery(String query, Object parameterValues) 파일 d:\PrivateSource\private_git\Stock\DataIntergrationConsoleService\Connector\MariaDBConnector.cs:줄 304
2016-09-21 12:11:38,125 [15] ERROR - MySql.Data.MySqlClient.MySqlException (0x80004005): Unknown column 'collectedat' in 'field list'
   위치: MySql.Data.MySqlClient.MySqlStream.ReadPacket()
   위치: MySql.Data.MySqlClient.NativeDriver.GetResult(Int32& affectedRow, Int64& insertedId)
   위치: MySql.Data.MySqlClient.Driver.GetResult(Int32 statementId, Int32& affectedRows, Int64& insertedId)
   위치: MySql.Data.MySqlClient.Driver.NextResult(Int32 statementId, Boolean force)
   위치: MySql.Data.MySqlClient.MySqlDataReader.NextResult()
   위치: MySql.Data.MySqlClient.MySqlCommand.ExecuteReader(CommandBehavior behavior)
   위치: MySql.Data.MySqlClient.MySqlCommand.ExecuteReader()
   위치: MySql.Data.MySqlClient.MySqlCommand.ExecuteNonQuery()
   위치: Connector.MariaDBConnector.SetQuery(String query, Object parameterValues) 파일 d:\PrivateSource\private_git\Stock\DataIntergrationConsoleService\Connector\MariaDBConnector.cs:줄 304
2016-09-21 12:11:38,204 [15] ERROR - MySql.Data.MySqlClient.MySqlException (0x80004005): Unknown column 'collectedat' in 'field list'
   위치: MySql.Data.MySqlClient.MySqlStream.ReadPacket()
   위치: MySql.Data.MySqlClient.NativeDriver.GetResult(Int32& affectedRow, Int64& insertedId)
   위치: MySql.Data.MySqlClient.Driver.GetResult(Int32 statementId, Int32& affectedRows, Int64& insertedId)
   위치: MySql.Data.MySqlClient.Driver.NextResult(Int32 statementId, Boolean force)
   위치: MySql.Data.MySqlClient.MySqlDataReader.NextResult()
   위치: MySql.Data.MySqlClient.MySqlCommand.ExecuteReader(CommandBehavior behavior)
   위치: MySql.Data.MySqlClient.MySqlCommand.ExecuteReader()
   위치: MySql.Data.MySqlClient.MySqlCommand.ExecuteNonQuery()
   위치: Connector.MariaDBConnector.SetQuery(String query, Object parameterValues) 파일 d:\PrivateSource\private_git\Stock\DataIntergrationConsoleService\Connector\MariaDBConnector.cs:줄 304
2016-09-21 12:11:38,285 [15] ERROR - MySql.Data.MySqlClient.MySqlException (0x80004005): Unknown column 'collectedat' in 'field list'
   위치: MySql.Data.MySqlClient.MySqlStream.ReadPacket()
   위치: MySql.Data.MySqlClient.NativeDriver.GetResult(Int32& affectedRow, Int64& insertedId)
   위치: MySql.Data.MySqlClient.Driver.GetResult(Int32 statementId, Int32& affectedRows, Int64& insertedId)
   위치: MySql.Data.MySqlClient.Driver.NextResult(Int32 statementId, Boolean force)
   위치: MySql.Data.MySqlClient.MySqlDataReader.NextResult()
   위치: MySql.Data.MySqlClient.MySqlCommand.ExecuteReader(CommandBehavior behavior)
   위치: MySql.Data.MySqlClient.MySqlCommand.ExecuteReader()
   위치: MySql.Data.MySqlClient.MySqlCommand.ExecuteNonQuery()
   위치: Connector.MariaDBConnector.SetQuery(String query, Object parameterValues) 파일 d:\PrivateSource\private_git\Stock\DataIntergrationConsoleService\Connector\MariaDBConnector.cs:줄 304
2016-09-21 12:15:38,746 [11] ERROR - MySql.Data.MySqlClient.MySqlException (0x80004005): Unknown column 'collectedat' in 'field list'
   위치: MySql.Data.MySqlClient.MySqlStream.ReadPacket()
   위치: MySql.Data.MySqlClient.NativeDriver.GetResult(Int32& affectedRow, Int64& insertedId)
   위치: MySql.Data.MySqlClient.Driver.GetResult(Int32 statementId, Int32& affectedRows, Int64& insertedId)
   위치: MySql.Data.MySqlClient.Driver.NextResult(Int32 statementId, Boolean force)
   위치: MySql.Data.MySqlClient.MySqlDataReader.NextResult()
   위치: MySql.Data.MySqlClient.MySqlCommand.ExecuteReader(CommandBehavior behavior)
   위치: MySql.Data.MySqlClient.MySqlCommand.ExecuteReader()
   위치: MySql.Data.MySqlClient.MySqlCommand.ExecuteNonQuery()
   위치: Connector.MariaDBConnector.SetQuery(String query, Object parameterValues) 파일 d:\PrivateSource\private_git\Stock\DataIntergrationConsoleService\Connector\MariaDBConnector.cs:줄 304
2016-09-21 12:15:38,830 [11] ERROR - MySql.Data.MySqlClient.MySqlException (0x80004005): Unknown column 'collectedat' in 'field list'
   위치: MySql.Data.MySqlClient.MySqlStream.ReadPacket()
   위치: MySql.Data.MySqlClient.NativeDriver.GetResult(Int32& affectedRow, Int64& insertedId)
   위치: MySql.Data.MySqlClient.Driver.GetResult(Int32 statementId, Int32& affectedRows, Int64& insertedId)
   위치: MySql.Data.MySqlClient.Driver.NextResult(Int32 statementId, Boolean force)
   위치: MySql.Data.MySqlClient.MySqlDataReader.NextResult()
   위치: MySql.Data.MySqlClient.MySqlCommand.ExecuteReader(CommandBehavior behavior)
   위치: MySql.Data.MySqlClient.MySqlCommand.ExecuteReader()
   위치: MySql.Data.MySqlClient.MySqlCommand.ExecuteNonQuery()
   위치: Connector.MariaDBConnector.SetQuery(String query, Object parameterValues) 파일 d:\PrivateSource\private_git\Stock\DataIntergrationConsoleService\Connector\MariaDBConnector.cs:줄 304
2016-09-21 12:15:38,915 [11] ERROR - MySql.Data.MySqlClient.MySqlException (0x80004005): Unknown column 'collectedat' in 'field list'
   위치: MySql.Data.MySqlClient.MySqlStream.ReadPacket()
   위치: MySql.Data.MySqlClient.NativeDriver.GetResult(Int32& affectedRow, Int64& insertedId)
   위치: MySql.Data.MySqlClient.Driver.GetResult(Int32 statementId, Int32& affectedRows, Int64& insertedId)
   위치: MySql.Data.MySqlClient.Driver.NextResult(Int32 statementId, Boolean force)
   위치: MySql.Data.MySqlClient.MySqlDataReader.NextResult()
   위치: MySql.Data.MySqlClient.MySqlCommand.ExecuteReader(CommandBehavior behavior)
   위치: MySql.Data.MySqlClient.MySqlCommand.ExecuteReader()
   위치: MySql.Data.MySqlClient.MySqlCommand.ExecuteNonQuery()
   위치: Connector.MariaDBConnector.SetQuery(String query, Object parameterValues) 파일 d:\PrivateSource\private_git\Stock\DataIntergrationConsoleService\Connector\MariaDBConnector.cs:줄 304
2016-09-21 12:15:39,003 [11] ERROR - MySql.Data.MySqlClient.MySqlException (0x80004005): Unknown column 'collectedat' in 'field list'
   위치: MySql.Data.MySqlClient.MySqlStream.ReadPacket()
   위치: MySql.Data.MySqlClient.NativeDriver.GetResult(Int32& affectedRow, Int64& insertedId)
   위치: MySql.Data.MySqlClient.Driver.GetResult(Int32 statementId, Int32& affectedRows, Int64& insertedId)
   위치: MySql.Data.MySqlClient.Driver.NextResult(Int32 statementId, Boolean force)
   위치: MySql.Data.MySqlClient.MySqlDataReader.NextResult()
   위치: MySql.Data.MySqlClient.MySqlCommand.ExecuteReader(CommandBehavior behavior)
   위치: MySql.Data.MySqlClient.MySqlCommand.ExecuteReader()
   위치: MySql.Data.MySqlClient.MySqlCommand.ExecuteNonQuery()
   위치: Connector.MariaDBConnector.SetQuery(String query, Object parameterValues) 파일 d:\PrivateSource\private_git\Stock\DataIntergrationConsoleService\Connector\MariaDBConnector.cs:줄 304
2016-09-21 12:15:39,092 [11] ERROR - MySql.Data.MySqlClient.MySqlException (0x80004005): Unknown column 'collectedat' in 'field list'
   위치: MySql.Data.MySqlClient.MySqlStream.ReadPacket()
   위치: MySql.Data.MySqlClient.NativeDriver.GetResult(Int32& affectedRow, Int64& insertedId)
   위치: MySql.Data.MySqlClient.Driver.GetResult(Int32 statementId, Int32& affectedRows, Int64& insertedId)
   위치: MySql.Data.MySqlClient.Driver.NextResult(Int32 statementId, Boolean force)
   위치: MySql.Data.MySqlClient.MySqlDataReader.NextResult()
   위치: MySql.Data.MySqlClient.MySqlCommand.ExecuteReader(CommandBehavior behavior)
   위치: MySql.Data.MySqlClient.MySqlCommand.ExecuteReader()
   위치: MySql.Data.MySqlClient.MySqlCommand.ExecuteNonQuery()
   위치: Connector.MariaDBConnector.SetQuery(String query, Object parameterValues) 파일 d:\PrivateSource\private_git\Stock\DataIntergrationConsoleService\Connector\MariaDBConnector.cs:줄 304
2016-09-21 12:15:39,179 [11] ERROR - MySql.Data.MySqlClient.MySqlException (0x80004005): Unknown column 'collectedat' in 'field list'
   위치: MySql.Data.MySqlClient.MySqlStream.ReadPacket()
   위치: MySql.Data.MySqlClient.NativeDriver.GetResult(Int32& affectedRow, Int64& insertedId)
   위치: MySql.Data.MySqlClient.Driver.GetResult(Int32 statementId, Int32& affectedRows, Int64& insertedId)
   위치: MySql.Data.MySqlClient.Driver.NextResult(Int32 statementId, Boolean force)
   위치: MySql.Data.MySqlClient.MySqlDataReader.NextResult()
   위치: MySql.Data.MySqlClient.MySqlCommand.ExecuteReader(CommandBehavior behavior)
   위치: MySql.Data.MySqlClient.MySqlCommand.ExecuteReader()
   위치: MySql.Data.MySqlClient.MySqlCommand.ExecuteNonQuery()
   위치: Connector.MariaDBConnector.SetQuery(String query, Object parameterValues) 파일 d:\PrivateSource\private_git\Stock\DataIntergrationConsoleService\Connector\MariaDBConnector.cs:줄 304
2016-09-21 12:16:29,174 [13] ERROR - MySql.Data.MySqlClient.MySqlException (0x80004005): Unknown column 'collectedat' in 'field list'
   위치: MySql.Data.MySqlClient.MySqlStream.ReadPacket()
   위치: MySql.Data.MySqlClient.NativeDriver.GetResult(Int32& affectedRow, Int64& insertedId)
   위치: MySql.Data.MySqlClient.Driver.GetResult(Int32 statementId, Int32& affectedRows, Int64& insertedId)
   위치: MySql.Data.MySqlClient.Driver.NextResult(Int32 statementId, Boolean force)
   위치: MySql.Data.MySqlClient.MySqlDataReader.NextResult()
   위치: MySql.Data.MySqlClient.MySqlCommand.ExecuteReader(CommandBehavior behavior)
   위치: MySql.Data.MySqlClient.MySqlCommand.ExecuteReader()
   위치: MySql.Data.MySqlClient.MySqlCommand.ExecuteNonQuery()
   위치: Connector.MariaDBConnector.SetQuery(String query, Object parameterValues) 파일 d:\PrivateSource\private_git\Stock\DataIntergrationConsoleService\Connector\MariaDBConnector.cs:줄 304
2016-09-21 12:17:29,659 [19] INFO  - Service is Running on http://localhost:1447/
2016-09-21 12:17:29,659 [14] INFO  - Service is Running on urn:docs-oasis-open-org:ws-dd:ns:discovery:2009:01
2016-09-21 12:49:00,274 [13] INFO  - Service is Running on http://localhost:1447/
2016-09-21 12:49:00,274 [12] INFO  - Service is Running on urn:docs-oasis-open-org:ws-dd:ns:discovery:2009:01
2016-09-21 12:57:44,700 [14] INFO  - Service is Running on http://localhost:1447/
2016-09-21 12:57:44,700 [15] INFO  - Service is Running on urn:docs-oasis-open-org:ws-dd:ns:discovery:2009:01
2016-09-21 13:03:54,966 [14] INFO  - Service is Running on http://localhost:1447/
2016-09-21 13:03:54,966 [3] INFO  - Service is Running on urn:docs-oasis-open-org:ws-dd:ns:discovery:2009:01
2016-09-21 13:10:52,049 [15] INFO  - Service is Running on http://localhost:1447/
2016-09-21 13:10:52,049 [14] INFO  - Service is Running on urn:docs-oasis-open-org:ws-dd:ns:discovery:2009:01
2016-09-21 13:11:50,161 [21] ERROR - System.ArgumentException: 'System.DateTime' 형식의 개체를 'System.String' 형식으로 변환할 수 없습니다.
   위치: System.RuntimeType.TryChangeType(Object value, Binder binder, CultureInfo culture, Boolean needsSpecialCast)
   위치: System.RuntimeType.CheckValue(Object value, Binder binder, CultureInfo culture, BindingFlags invokeAttr)
   위치: System.Reflection.MethodBase.CheckArguments(Object[] parameters, Binder binder, BindingFlags invokeAttr, CultureInfo culture, Signature sig)
   위치: System.Reflection.RuntimeMethodInfo.InvokeArgumentsCheck(Object obj, BindingFlags invokeAttr, Binder binder, Object[] parameters, CultureInfo culture)
   위치: System.Reflection.RuntimeMethodInfo.Invoke(Object obj, BindingFlags invokeAttr, Binder binder, Object[] parameters, CultureInfo culture)
   위치: System.Reflection.RuntimePropertyInfo.SetValue(Object obj, Object value, Object[] index)
   위치: Connector.MariaDBConnector.GetOneQuery[T](String query, Object parameterValues) 파일 d:\PrivateSource\private_git\Stock\DataIntergrationConsoleService\Connector\MariaDBConnector.cs:줄 69
2016-09-21 13:11:50,161 [21] ERROR - [GET QUERY] SELECT name, view_type, view_query, COLUMN_JSON(options) as options, unixtime FROM data_view;
2016-09-21 13:12:05,711 [10] ERROR - System.ArgumentException: 'System.DateTime' 형식의 개체를 'System.String' 형식으로 변환할 수 없습니다.
   위치: System.RuntimeType.TryChangeType(Object value, Binder binder, CultureInfo culture, Boolean needsSpecialCast)
   위치: System.RuntimeType.CheckValue(Object value, Binder binder, CultureInfo culture, BindingFlags invokeAttr)
   위치: System.Reflection.MethodBase.CheckArguments(Object[] parameters, Binder binder, BindingFlags invokeAttr, CultureInfo culture, Signature sig)
   위치: System.Reflection.RuntimeMethodInfo.InvokeArgumentsCheck(Object obj, BindingFlags invokeAttr, Binder binder, Object[] parameters, CultureInfo culture)
   위치: System.Reflection.RuntimeMethodInfo.Invoke(Object obj, BindingFlags invokeAttr, Binder binder, Object[] parameters, CultureInfo culture)
   위치: System.Reflection.RuntimePropertyInfo.SetValue(Object obj, Object value, Object[] index)
   위치: Connector.MariaDBConnector.GetOneQuery[T](String query, Object parameterValues) 파일 d:\PrivateSource\private_git\Stock\DataIntergrationConsoleService\Connector\MariaDBConnector.cs:줄 69
2016-09-21 13:12:05,712 [10] ERROR - [GET QUERY] SELECT name, view_type, view_query, COLUMN_JSON(options) as options, unixtime FROM data_view;
2016-09-21 13:12:44,997 [12] ERROR - System.ArgumentException: 'System.DateTime' 형식의 개체를 'System.String' 형식으로 변환할 수 없습니다.
   위치: System.RuntimeType.TryChangeType(Object value, Binder binder, CultureInfo culture, Boolean needsSpecialCast)
   위치: System.RuntimeType.CheckValue(Object value, Binder binder, CultureInfo culture, BindingFlags invokeAttr)
   위치: System.Reflection.MethodBase.CheckArguments(Object[] parameters, Binder binder, BindingFlags invokeAttr, CultureInfo culture, Signature sig)
   위치: System.Reflection.RuntimeMethodInfo.InvokeArgumentsCheck(Object obj, BindingFlags invokeAttr, Binder binder, Object[] parameters, CultureInfo culture)
   위치: System.Reflection.RuntimeMethodInfo.Invoke(Object obj, BindingFlags invokeAttr, Binder binder, Object[] parameters, CultureInfo culture)
   위치: System.Reflection.RuntimePropertyInfo.SetValue(Object obj, Object value, Object[] index)
   위치: Connector.MariaDBConnector.GetOneQuery[T](String query, Object parameterValues) 파일 d:\PrivateSource\private_git\Stock\DataIntergrationConsoleService\Connector\MariaDBConnector.cs:줄 69
2016-09-21 13:12:44,997 [12] ERROR - [GET QUERY] SELECT name, view_type, view_query, COLUMN_JSON(options) as options, unixtime FROM data_view;
2016-09-21 13:13:11,387 [10] ERROR - System.ArgumentException: 'System.DateTime' 형식의 개체를 'System.String' 형식으로 변환할 수 없습니다.
   위치: System.RuntimeType.TryChangeType(Object value, Binder binder, CultureInfo culture, Boolean needsSpecialCast)
   위치: System.RuntimeType.CheckValue(Object value, Binder binder, CultureInfo culture, BindingFlags invokeAttr)
   위치: System.Reflection.MethodBase.CheckArguments(Object[] parameters, Binder binder, BindingFlags invokeAttr, CultureInfo culture, Signature sig)
   위치: System.Reflection.RuntimeMethodInfo.InvokeArgumentsCheck(Object obj, BindingFlags invokeAttr, Binder binder, Object[] parameters, CultureInfo culture)
   위치: System.Reflection.RuntimeMethodInfo.Invoke(Object obj, BindingFlags invokeAttr, Binder binder, Object[] parameters, CultureInfo culture)
   위치: System.Reflection.RuntimePropertyInfo.SetValue(Object obj, Object value, Object[] index)
   위치: Connector.MariaDBConnector.GetOneQuery[T](String query, Object parameterValues) 파일 d:\PrivateSource\private_git\Stock\DataIntergrationConsoleService\Connector\MariaDBConnector.cs:줄 69
2016-09-21 13:13:11,391 [10] ERROR - [GET QUERY] SELECT name, view_type, view_query, COLUMN_JSON(options) as options, unixtime FROM data_view;
2016-09-21 13:13:41,397 [21] ERROR - System.ArgumentException: 'System.DateTime' 형식의 개체를 'System.String' 형식으로 변환할 수 없습니다.
   위치: System.RuntimeType.TryChangeType(Object value, Binder binder, CultureInfo culture, Boolean needsSpecialCast)
   위치: System.RuntimeType.CheckValue(Object value, Binder binder, CultureInfo culture, BindingFlags invokeAttr)
   위치: System.Reflection.MethodBase.CheckArguments(Object[] parameters, Binder binder, BindingFlags invokeAttr, CultureInfo culture, Signature sig)
   위치: System.Reflection.RuntimeMethodInfo.InvokeArgumentsCheck(Object obj, BindingFlags invokeAttr, Binder binder, Object[] parameters, CultureInfo culture)
   위치: System.Reflection.RuntimeMethodInfo.Invoke(Object obj, BindingFlags invokeAttr, Binder binder, Object[] parameters, CultureInfo culture)
   위치: System.Reflection.RuntimePropertyInfo.SetValue(Object obj, Object value, Object[] index)
   위치: Connector.MariaDBConnector.GetOneQuery[T](String query, Object parameterValues) 파일 d:\PrivateSource\private_git\Stock\DataIntergrationConsoleService\Connector\MariaDBConnector.cs:줄 69
2016-09-21 13:13:41,397 [21] ERROR - [GET QUERY] SELECT name, view_type, view_query, COLUMN_JSON(options) as options, unixtime FROM data_view;
2016-09-21 13:14:04,078 [6] INFO  - Service is Running on urn:docs-oasis-open-org:ws-dd:ns:discovery:2009:01
2016-09-21 13:14:04,078 [20] INFO  - Service is Running on http://localhost:1447/
2016-09-21 13:14:31,447 [6] INFO  - Service is Running on urn:docs-oasis-open-org:ws-dd:ns:discovery:2009:01
2016-09-21 13:14:31,447 [14] INFO  - Service is Running on http://localhost:1447/
2016-09-21 13:15:36,650 [20] INFO  - Service is Running on http://localhost:1447/
2016-09-21 13:15:36,650 [6] INFO  - Service is Running on urn:docs-oasis-open-org:ws-dd:ns:discovery:2009:01
2016-09-21 13:16:43,914 [17] INFO  - Service is Running on http://localhost:1447/
2016-09-21 13:16:43,915 [13] INFO  - Service is Running on urn:docs-oasis-open-org:ws-dd:ns:discovery:2009:01
2016-09-21 13:17:02,890 [6] INFO  - Service is Running on urn:docs-oasis-open-org:ws-dd:ns:discovery:2009:01
2016-09-21 13:17:02,890 [14] INFO  - Service is Running on http://localhost:1447/
2016-09-21 13:17:23,935 [19] INFO  - Service is Running on http://localhost:1447/
2016-09-21 13:17:23,935 [6] INFO  - Service is Running on urn:docs-oasis-open-org:ws-dd:ns:discovery:2009:01
2016-09-21 13:19:35,705 [13] INFO  - Service is Running on http://localhost:1447/
2016-09-21 13:19:35,705 [14] INFO  - Service is Running on urn:docs-oasis-open-org:ws-dd:ns:discovery:2009:01
2016-09-21 13:23:24,500 [6] INFO  - Service is Running on urn:docs-oasis-open-org:ws-dd:ns:discovery:2009:01
2016-09-21 13:23:24,500 [16] INFO  - Service is Running on http://localhost:1447/
2016-09-21 13:28:55,106 [19] INFO  - Service is Running on http://localhost:1447/
2016-09-21 13:28:55,106 [3] INFO  - Service is Running on urn:docs-oasis-open-org:ws-dd:ns:discovery:2009:01
2016-09-21 13:29:40,187 [13] INFO  - Service is Running on urn:docs-oasis-open-org:ws-dd:ns:discovery:2009:01
2016-09-21 13:29:40,187 [16] INFO  - Service is Running on http://localhost:1447/
2016-09-21 13:35:08,434 [16] INFO  - Service is Running on http://localhost:1447/
2016-09-21 13:35:08,434 [13] INFO  - Service is Running on urn:docs-oasis-open-org:ws-dd:ns:discovery:2009:01
2016-09-21 13:35:16,739 [10] ERROR - MySql.Data.MySqlClient.MySqlException (0x80004005): You have an error in your SQL syntax; check the manual that corresponds to your MariaDB server version for the right syntax to use near 'char), column_json(`rawdata`, '영업이익' as char),  unixtime ,FROM current_f' at line 1
   위치: MySql.Data.MySqlClient.MySqlStream.ReadPacket()
   위치: MySql.Data.MySqlClient.NativeDriver.GetResult(Int32& affectedRow, Int64& insertedId)
   위치: MySql.Data.MySqlClient.Driver.GetResult(Int32 statementId, Int32& affectedRows, Int64& insertedId)
   위치: MySql.Data.MySqlClient.Driver.NextResult(Int32 statementId, Boolean force)
   위치: MySql.Data.MySqlClient.MySqlDataReader.NextResult()
   위치: MySql.Data.MySqlClient.MySqlCommand.ExecuteReader(CommandBehavior behavior)
   위치: MySql.Data.MySqlClient.MySqlCommand.ExecuteReader()
   위치: Connector.MariaDBConnector.GetQuery(String query, Object parameterValues) 파일 d:\PrivateSource\private_git\Stock\DataIntergrationConsoleService\Connector\MariaDBConnector.cs:줄 228
2016-09-21 13:35:16,739 [10] ERROR - [GET QUERY] SELECT category, column_json(`rawdata`, '당기순이익' as char), column_json(`rawdata`, '영업이익' as char),  unixtime ,FROM current_finance
2016-09-21 13:35:58,188 [14] INFO  - Service is Running on http://localhost:1447/
2016-09-21 13:35:58,188 [15] INFO  - Service is Running on urn:docs-oasis-open-org:ws-dd:ns:discovery:2009:01
2016-09-21 13:36:25,463 [6] INFO  - Service is Running on urn:docs-oasis-open-org:ws-dd:ns:discovery:2009:01
2016-09-21 13:36:25,465 [14] INFO  - Service is Running on http://localhost:1447/
2016-09-21 13:36:44,778 [13] INFO  - Service is Running on http://localhost:1447/
2016-09-21 13:36:44,778 [6] INFO  - Service is Running on urn:docs-oasis-open-org:ws-dd:ns:discovery:2009:01
2016-09-21 13:38:51,930 [12] INFO  - Service is Running on urn:docs-oasis-open-org:ws-dd:ns:discovery:2009:01
2016-09-21 13:38:51,930 [15] INFO  - Service is Running on http://localhost:1447/
2016-09-21 13:39:42,497 [15] INFO  - Service is Running on http://localhost:1447/
2016-09-21 13:39:42,497 [6] INFO  - Service is Running on urn:docs-oasis-open-org:ws-dd:ns:discovery:2009:01
2016-09-21 13:46:19,652 [13] INFO  - Service is Running on urn:docs-oasis-open-org:ws-dd:ns:discovery:2009:01
2016-09-21 13:46:19,653 [16] INFO  - Service is Running on http://localhost:1447/
2016-09-21 14:00:41,313 [17] INFO  - Service is Running on http://localhost:1447/
2016-09-21 14:00:41,313 [3] INFO  - Service is Running on urn:docs-oasis-open-org:ws-dd:ns:discovery:2009:01
2016-09-21 14:00:43,794 [13] ERROR - MySql.Data.MySqlClient.MySqlException (0x80004005): Unknown column 'rawdata.당기순이익' in 'field list'
   위치: MySql.Data.MySqlClient.MySqlStream.ReadPacket()
   위치: MySql.Data.MySqlClient.NativeDriver.GetResult(Int32& affectedRow, Int64& insertedId)
   위치: MySql.Data.MySqlClient.Driver.GetResult(Int32 statementId, Int32& affectedRows, Int64& insertedId)
   위치: MySql.Data.MySqlClient.Driver.NextResult(Int32 statementId, Boolean force)
   위치: MySql.Data.MySqlClient.MySqlDataReader.NextResult()
   위치: MySql.Data.MySqlClient.MySqlCommand.ExecuteReader(CommandBehavior behavior)
   위치: MySql.Data.MySqlClient.MySqlCommand.ExecuteReader()
   위치: Connector.MariaDBConnector.GetQuery(String query, Object parameterValues) 파일 d:\PrivateSource\private_git\Stock\DataIntergrationConsoleService\Connector\MariaDBConnector.cs:줄 228
2016-09-21 14:00:43,794 [13] ERROR - [GET QUERY] SELECT category, rawdata.당기순이익, rawdata.영업이익,  unixtime FROM current_finance
2016-09-21 14:01:14,899 [6] INFO  - Service is Running on urn:docs-oasis-open-org:ws-dd:ns:discovery:2009:01
2016-09-21 14:01:14,900 [14] INFO  - Service is Running on http://localhost:1447/
2016-09-21 14:03:09,049 [17] INFO  - Service is Running on http://localhost:1447/
2016-09-21 14:03:09,049 [14] INFO  - Service is Running on urn:docs-oasis-open-org:ws-dd:ns:discovery:2009:01
2016-09-21 14:03:14,594 [10] ERROR - MySql.Data.MySqlClient.MySqlException (0x80004005): You have an error in your SQL syntax; check the manual that corresponds to your MariaDB server version for the right syntax to use near 'char) as `당기순이익`, column_json(`rawdata`, '`영업이익`' as char) as ' at line 1
   위치: MySql.Data.MySqlClient.MySqlStream.ReadPacket()
   위치: MySql.Data.MySqlClient.NativeDriver.GetResult(Int32& affectedRow, Int64& insertedId)
   위치: MySql.Data.MySqlClient.Driver.GetResult(Int32 statementId, Int32& affectedRows, Int64& insertedId)
   위치: MySql.Data.MySqlClient.Driver.NextResult(Int32 statementId, Boolean force)
   위치: MySql.Data.MySqlClient.MySqlDataReader.NextResult()
   위치: MySql.Data.MySqlClient.MySqlCommand.ExecuteReader(CommandBehavior behavior)
   위치: MySql.Data.MySqlClient.MySqlCommand.ExecuteReader()
   위치: Connector.MariaDBConnector.GetQuery(String query, Object parameterValues) 파일 d:\PrivateSource\private_git\Stock\DataIntergrationConsoleService\Connector\MariaDBConnector.cs:줄 228
2016-09-21 14:03:14,594 [10] ERROR - [GET QUERY] SELECT category, column_json(`rawdata`, '`당기순이익`' as char) as `당기순이익`, column_json(`rawdata`, '`영업이익`' as char) as `영업이익`,  unixtime FROM current_finance
2016-09-21 14:03:53,865 [13] INFO  - Service is Running on urn:docs-oasis-open-org:ws-dd:ns:discovery:2009:01
2016-09-21 14:03:53,865 [14] INFO  - Service is Running on http://localhost:1447/
2016-09-21 14:03:56,913 [12] ERROR - MySql.Data.MySqlClient.MySqlException (0x80004005): You have an error in your SQL syntax; check the manual that corresponds to your MariaDB server version for the right syntax to use near 'char) as 당기순이익, column_json(`rawdata`, '영업이익' as char) as 영' at line 1
   위치: MySql.Data.MySqlClient.MySqlStream.ReadPacket()
   위치: MySql.Data.MySqlClient.NativeDriver.GetResult(Int32& affectedRow, Int64& insertedId)
   위치: MySql.Data.MySqlClient.Driver.GetResult(Int32 statementId, Int32& affectedRows, Int64& insertedId)
   위치: MySql.Data.MySqlClient.Driver.NextResult(Int32 statementId, Boolean force)
   위치: MySql.Data.MySqlClient.MySqlDataReader.NextResult()
   위치: MySql.Data.MySqlClient.MySqlCommand.ExecuteReader(CommandBehavior behavior)
   위치: MySql.Data.MySqlClient.MySqlCommand.ExecuteReader()
   위치: Connector.MariaDBConnector.GetQuery(String query, Object parameterValues) 파일 d:\PrivateSource\private_git\Stock\DataIntergrationConsoleService\Connector\MariaDBConnector.cs:줄 228
2016-09-21 14:03:56,913 [12] ERROR - [GET QUERY] SELECT category, column_json(`rawdata`, '당기순이익' as char) as 당기순이익, column_json(`rawdata`, '영업이익' as char) as 영업이익,  unixtime FROM current_finance
2016-09-21 14:04:10,151 [12] ERROR - MySql.Data.MySqlClient.MySqlException (0x80004005): You have an error in your SQL syntax; check the manual that corresponds to your MariaDB server version for the right syntax to use near 'char) as 당기순이익, column_json(`rawdata`, '영업이익' as char) as 영' at line 1
   위치: MySql.Data.MySqlClient.MySqlStream.ReadPacket()
   위치: MySql.Data.MySqlClient.NativeDriver.GetResult(Int32& affectedRow, Int64& insertedId)
   위치: MySql.Data.MySqlClient.Driver.GetResult(Int32 statementId, Int32& affectedRows, Int64& insertedId)
   위치: MySql.Data.MySqlClient.Driver.NextResult(Int32 statementId, Boolean force)
   위치: MySql.Data.MySqlClient.MySqlDataReader.NextResult()
   위치: MySql.Data.MySqlClient.MySqlCommand.ExecuteReader(CommandBehavior behavior)
   위치: MySql.Data.MySqlClient.MySqlCommand.ExecuteReader()
   위치: Connector.MariaDBConnector.GetQuery(String query, Object parameterValues) 파일 d:\PrivateSource\private_git\Stock\DataIntergrationConsoleService\Connector\MariaDBConnector.cs:줄 228
2016-09-21 14:04:10,151 [12] ERROR - [GET QUERY] SELECT category, column_json(`rawdata`, '당기순이익' as char) as 당기순이익, column_json(`rawdata`, '영업이익' as char) as 영업이익,  unixtime FROM current_finance
2016-09-21 14:04:29,641 [19] INFO  - Service is Running on http://localhost:1447/
2016-09-21 14:04:29,641 [6] INFO  - Service is Running on urn:docs-oasis-open-org:ws-dd:ns:discovery:2009:01
2016-09-21 14:04:50,743 [20] INFO  - Service is Running on http://localhost:1447/
2016-09-21 14:04:50,743 [6] INFO  - Service is Running on urn:docs-oasis-open-org:ws-dd:ns:discovery:2009:01
2016-09-21 14:05:12,531 [15] INFO  - Service is Running on http://localhost:1447/
2016-09-21 14:05:12,531 [6] INFO  - Service is Running on urn:docs-oasis-open-org:ws-dd:ns:discovery:2009:01
2016-09-21 14:33:14,902 [40] ERROR - System.Runtime.Serialization.SerializationException: Model.Common.JsonDictionary 형식 개체를 역직렬화하는 동안 오류가 발생했습니다. 필요 없는 문자 ''이(가) 발견되었습니다. ---> System.Xml.XmlException: 필요 없는 문자 ''이(가) 발견되었습니다.
   위치: System.Xml.XmlExceptionHelper.ThrowXmlException(XmlDictionaryReader reader, XmlException exception)
   위치: System.Runtime.Serialization.Json.XmlJsonReader.Read()
   위치: System.Xml.XmlBaseReader.IsStartElement()
   위치: System.Xml.XmlBaseReader.IsStartElement(XmlDictionaryString localName, XmlDictionaryString namespaceUri)
   위치: System.Runtime.Serialization.Json.DataContractJsonSerializer.InternalIsStartObject(XmlReaderDelegator reader)
   위치: System.Runtime.Serialization.Json.DataContractJsonSerializer.InternalReadObject(XmlReaderDelegator xmlReader, Boolean verifyObjectName)
   위치: System.Runtime.Serialization.XmlObjectSerializer.ReadObjectHandleExceptions(XmlReaderDelegator reader, Boolean verifyObjectName, DataContractResolver dataContractResolver)
   --- 내부 예외 스택 추적의 끝 ---
   위치: System.Runtime.Serialization.XmlObjectSerializer.ReadObjectHandleExceptions(XmlReaderDelegator reader, Boolean verifyObjectName, DataContractResolver dataContractResolver)
   위치: System.Runtime.Serialization.Json.DataContractJsonSerializer.ReadObject(XmlDictionaryReader reader)
   위치: Helper.DataConverter.Deserializer[T](String json) 파일 d:\PrivateSource\private_git\Stock\DataIntergrationConsoleService\Common\DataConverter.cs:줄 21
   위치: Connector.MariaDBConnector.GetQuery(String query, Object parameterValues) 파일 d:\PrivateSource\private_git\Stock\DataIntergrationConsoleService\Connector\MariaDBConnector.cs:줄 240
2016-09-21 14:33:14,903 [40] ERROR - [GET QUERY] SELECT * FROM current_finance;
2016-09-21 14:35:28,858 [3] INFO  - Service is Running on urn:docs-oasis-open-org:ws-dd:ns:discovery:2009:01
2016-09-21 14:35:28,858 [14] INFO  - Service is Running on http://localhost:1447/
2016-09-21 15:08:15,678 [17] INFO  - Service is Running on http://localhost:1447/
2016-09-21 15:08:15,678 [14] INFO  - Service is Running on urn:docs-oasis-open-org:ws-dd:ns:discovery:2009:01
2016-09-21 15:10:41,026 [15] INFO  - Service is Running on http://localhost:1447/
2016-09-21 15:10:41,026 [14] INFO  - Service is Running on urn:docs-oasis-open-org:ws-dd:ns:discovery:2009:01
2016-09-21 15:38:29,799 [3] INFO  - Service is Running on urn:docs-oasis-open-org:ws-dd:ns:discovery:2009:01
2016-09-21 15:38:29,800 [17] INFO  - Service is Running on http://localhost:1447/
